<?xml version="1.0" encoding="UTF-8"?>
<testsuite name="com.kodilla.testing.com.kodilla.testing.shape.ShapeCollectorTestSuite" tests="3" skipped="0" failures="0" errors="0" timestamp="2018-06-01T10:04:13" hostname="MacBook-Air-Kasia.local" time="0.005">
  <properties/>
  <testcase name="testRemoveFigure" classname="com.kodilla.testing.com.kodilla.testing.shape.ShapeCollectorTestSuite" time="0.002"/>
  <testcase name="testAddFigure" classname="com.kodilla.testing.com.kodilla.testing.shape.ShapeCollectorTestSuite" time="0.0"/>
  <testcase name="testGetFigure" classname="com.kodilla.testing.com.kodilla.testing.shape.ShapeCollectorTestSuite" time="0.001"/>
  <system-out><![CDATA[]]></system-out>
  <system-err><![CDATA[]]></system-err>
</testsuite>
