<?xml version="1.0" encoding="UTF-8"?>
<testsuite name="com.kodilla.testing.com.kodilla.testing.shape.ShapeCollectorTestSuite" tests="3" skipped="0" failures="0" errors="0" timestamp="2018-06-11T19:04:25" hostname="MacBook-Air-Kasia.local" time="0.003">
  <properties/>
  <testcase name="testRemoveFigure" classname="com.kodilla.testing.com.kodilla.testing.shape.ShapeCollectorTestSuite" time="0.002"/>
  <testcase name="testAddFigure" classname="com.kodilla.testing.com.kodilla.testing.shape.ShapeCollectorTestSuite" time="0.001"/>
  <testcase name="testGetFigure" classname="com.kodilla.testing.com.kodilla.testing.shape.ShapeCollectorTestSuite" time="0.0"/>
  <system-out><![CDATA[]]></system-out>
  <system-err><![CDATA[]]></system-err>
</testsuite>
